Release 14.7 - xst P.20131013 (nt64)
Copyright (c) 1995-2013 Xilinx, Inc.  All rights reserved.
--> Parameter TMPDIR set to xst/projnav.tmp


Total REAL time to Xst completion: 0.00 secs
Total CPU time to Xst completion: 0.12 secs
 
--> Parameter xsthdpdir set to xst


Total REAL time to Xst completion: 0.00 secs
Total CPU time to Xst completion: 0.12 secs
 
--> Reading design: Counter.prj

TABLE OF CONTENTS
  1) Synthesis Options Summary
  2) HDL Compilation
  3) Design Hierarchy Analysis
  4) HDL Analysis
  5) HDL Synthesis
     5.1) HDL Synthesis Report
  6) Advanced HDL Synthesis
     6.1) Advanced HDL Synthesis Report
  7) Low Level Synthesis
  8) Partition Report
  9) Final Report

=========================================================================
*                      Synthesis Options Summary                        *
=========================================================================
---- Source Parameters
Input File Name                    : "Counter.prj"
Input Format                       : mixed
Ignore Synthesis Constraint File   : NO

---- Target Parameters
Output File Name                   : "Counter"
Output Format                      : NGC
Target Device                      : CoolRunner2 CPLDs

---- Source Options
Top Module Name                    : Counter
Automatic FSM Extraction           : YES
FSM Encoding Algorithm             : Auto
Safe Implementation                : No
Mux Extraction                     : Yes
Resource Sharing                   : YES

---- Target Options
Add IO Buffers                     : YES
MACRO Preserve                     : YES
XOR Preserve                       : YES
Equivalent register Removal        : YES

---- General Options
Optimization Goal                  : Speed
Optimization Effort                : 1
Keep Hierarchy                     : Yes
Netlist Hierarchy                  : As_Optimized
RTL Output                         : Yes
Hierarchy Separator                : /
Bus Delimiter                      : <>
Case Specifier                     : Maintain
Verilog 2001                       : YES

---- Other Options
Clock Enable                       : YES
wysiwyg                            : NO

=========================================================================


=========================================================================
*                          HDL Compilation                              *
=========================================================================
Compiling vhdl file "C:/Users/marel/OneDrive - Swinburne University/Semester 1 - 2021/EEE20001 - Digital Electronics Design/Project/Project Final/Counter/Counter.vhd" in Library work.
Entity <counter> compiled.
Entity <counter> (Architecture <behavioral>) compiled.

=========================================================================
*                     Design Hierarchy Analysis                         *
=========================================================================
Analyzing hierarchy for entity <Counter> in library <work> (architecture <behavioral>).


=========================================================================
*                            HDL Analysis                               *
=========================================================================
Analyzing Entity <Counter> in library <work> (Architecture <behavioral>).
WARNING:Xst:819 - "C:/Users/marel/OneDrive - Swinburne University/Semester 1 - 2021/EEE20001 - Digital Electronics Design/Project/Project Final/Counter/Counter.vhd" line 24: One or more signals are missing in the process sensitivity list. To enable synthesis of FPGA/CPLD hardware, XST will assume that all necessary signals are present in the sensitivity list. Please note that the result of the synthesis may differ from the initial design specification. The missing signals are:
   <count>
Entity <Counter> analyzed. Unit <Counter> generated.


=========================================================================
*                           HDL Synthesis                               *
=========================================================================

Performing bidirectional port resolution...

Synthesizing Unit <Counter>.
    Related source file is "C:/Users/marel/OneDrive - Swinburne University/Semester 1 - 2021/EEE20001 - Digital Electronics Design/Project/Project Final/Counter/Counter.vhd".
    Found 9-bit up counter for signal <count>.
    Found 9-bit comparator greater for signal <is400$cmp_gt0000> created at line 37.
    Summary:
	inferred   1 Counter(s).
	inferred   1 Comparator(s).
Unit <Counter> synthesized.


=========================================================================
HDL Synthesis Report

Macro Statistics
# Counters                                             : 1
 9-bit up counter                                      : 1
# Comparators                                          : 1
 9-bit comparator greater                              : 1

=========================================================================

=========================================================================
*                       Advanced HDL Synthesis                          *
=========================================================================


=========================================================================
Advanced HDL Synthesis Report

Macro Statistics
# Counters                                             : 1
 9-bit up counter                                      : 1

=========================================================================

=========================================================================
*                         Low Level Synthesis                           *
=========================================================================

Optimizing unit <Counter> ...
  implementation constraint: INIT=r	 : count_8
  implementation constraint: INIT=r	 : count_7
  implementation constraint: INIT=r	 : count_6
  implementation constraint: INIT=r	 : count_5
  implementation constraint: INIT=r	 : count_4
  implementation constraint: INIT=r	 : count_3
  implementation constraint: INIT=r	 : count_2
  implementation constraint: INIT=r	 : count_1
  implementation constraint: INIT=r	 : count_0

=========================================================================
*                           Partition Report                            *
=========================================================================

Partition Implementation Status
-------------------------------

  No Partitions were found in this design.

-------------------------------

=========================================================================
*                            Final Report                               *
=========================================================================
Final Results
RTL Top Level Output File Name     : Counter.ngr
Top Level Output File Name         : Counter
Output Format                      : NGC
Optimization Goal                  : Speed
Keep Hierarchy                     : Yes
Target Technology                  : CoolRunner2 CPLDs
Macro Preserve                     : YES
XOR Preserve                       : YES
Clock Enable                       : YES
wysiwyg                            : NO

Design Statistics
# IOs                              : 4

Cell Usage :
# BELS                             : 39
#      AND2                        : 18
#      INV                         : 9
#      OR2                         : 3
#      OR4                         : 1
#      XOR2                        : 8
# FlipFlops/Latches                : 9
#      FDC                         : 8
#      FDP                         : 1
# IO Buffers                       : 4
#      IBUF                        : 3
#      OBUF                        : 1
=========================================================================


Total REAL time to Xst completion: 4.00 secs
Total CPU time to Xst completion: 4.12 secs
 
--> 

Total memory usage is 4497668 kilobytes

Number of errors   :    0 (   0 filtered)
Number of warnings :    1 (   0 filtered)
Number of infos    :    0 (   0 filtered)

